<?xml version="1.0" encoding="UTF-8"?>
<testng-results ignored="0" total="12" passed="9" failed="3" skipped="0">
  <reporter-output>
  </reporter-output>
  <suite started-at="2023-12-10T21:56:02 GMT" name="testsuite" finished-at="2023-12-10T21:57:05 GMT" duration-ms="63464">
    <groups>
      <group name="regression">
        <method signature="ComputerPageTest.verifyThatUserShouldBuildYourOwnComputerAndAddToCartSuccessfully(java.lang.String,java.lang.String,java.lang.String,java.lang.String,java.lang.String)[pri:3, instance:com.nopcommerce.demo.testsuite.ComputerPageTest@161479c6]" name="verifyThatUserShouldBuildYourOwnComputerAndAddToCartSuccessfully" class="com.nopcommerce.demo.testsuite.ComputerPageTest"/>
        <method signature="LoginPageTest.verifyThatUserShouldLogInSuccessFullyWithValidCredentials()[pri:3, instance:com.nopcommerce.demo.testsuite.LoginPageTest@14d3bc22]" name="verifyThatUserShouldLogInSuccessFullyWithValidCredentials" class="com.nopcommerce.demo.testsuite.LoginPageTest"/>
        <method signature="RegisterPageTest.verifyThatUserShouldCreateAccountSuccessfully()[pri:3, instance:com.nopcommerce.demo.testsuite.RegisterPageTest@75329a49]" name="verifyThatUserShouldCreateAccountSuccessfully" class="com.nopcommerce.demo.testsuite.RegisterPageTest"/>
        <method signature="LoginPageTest.verifyThatUserShouldLogOutSuccessFully()[pri:4, instance:com.nopcommerce.demo.testsuite.LoginPageTest@14d3bc22]" name="verifyThatUserShouldLogOutSuccessFully" class="com.nopcommerce.demo.testsuite.LoginPageTest"/>
      </group> <!-- regression -->
      <group name="smoke">
        <method signature="ComputerPageTest.verifyUserShouldNavigateToDesktopsPageSuccessfully()[pri:2, instance:com.nopcommerce.demo.testsuite.ComputerPageTest@161479c6]" name="verifyUserShouldNavigateToDesktopsPageSuccessfully" class="com.nopcommerce.demo.testsuite.ComputerPageTest"/>
        <method signature="LoginPageTest.verifyTheErrorMessageWithInValidCredentials()[pri:2, instance:com.nopcommerce.demo.testsuite.LoginPageTest@14d3bc22]" name="verifyTheErrorMessageWithInValidCredentials" class="com.nopcommerce.demo.testsuite.LoginPageTest"/>
        <method signature="RegisterPageTest.verifyThatFirstNameLastNameEmailPasswordAndConfirmPasswordFieldsAreMandatory()[pri:2, instance:com.nopcommerce.demo.testsuite.RegisterPageTest@75329a49]" name="verifyThatFirstNameLastNameEmailPasswordAndConfirmPasswordFieldsAreMandatory" class="com.nopcommerce.demo.testsuite.RegisterPageTest"/>
      </group> <!-- smoke -->
      <group name="sanity">
        <method signature="ComputerPageTest.verifyUserShouldNavigateToComputerPageSuccessfully()[pri:1, instance:com.nopcommerce.demo.testsuite.ComputerPageTest@161479c6]" name="verifyUserShouldNavigateToComputerPageSuccessfully" class="com.nopcommerce.demo.testsuite.ComputerPageTest"/>
        <method signature="LoginPageTest.userShouldNavigateToLoginPageSuccessFully()[pri:1, instance:com.nopcommerce.demo.testsuite.LoginPageTest@14d3bc22]" name="userShouldNavigateToLoginPageSuccessFully" class="com.nopcommerce.demo.testsuite.LoginPageTest"/>
        <method signature="RegisterPageTest.verifyUserShouldNavigateToRegisterPageSuccessfully()[pri:1, instance:com.nopcommerce.demo.testsuite.RegisterPageTest@75329a49]" name="verifyUserShouldNavigateToRegisterPageSuccessfully" class="com.nopcommerce.demo.testsuite.RegisterPageTest"/>
      </group> <!-- sanity -->
    </groups>
    <test started-at="2023-12-10T21:56:02 GMT" name="All Test" finished-at="2023-12-10T21:57:05 GMT" duration-ms="63464">
      <class name="com.nopcommerce.demo.testsuite.RegisterPageTest">
        <test-method is-config="true" signature="setUp()[pri:0, instance:com.nopcommerce.demo.testsuite.RegisterPageTest@75329a49]" started-at="2023-12-10T21:56:24 GMT" name="setUp" finished-at="2023-12-10T21:56:27 GMT" duration-ms="2252" status="PASS">
          <reporter-output>
          </reporter-output>
        </test-method> <!-- setUp -->
        <test-method is-config="true" signature="inIt()[pri:0, instance:com.nopcommerce.demo.testsuite.RegisterPageTest@75329a49]" started-at="2023-12-10T21:56:27 GMT" name="inIt" finished-at="2023-12-10T21:56:27 GMT" duration-ms="4" status="PASS">
          <reporter-output>
          </reporter-output>
        </test-method> <!-- inIt -->
        <test-method signature="verifyUserShouldNavigateToRegisterPageSuccessfully()[pri:1, instance:com.nopcommerce.demo.testsuite.RegisterPageTest@75329a49]" started-at="2023-12-10T21:56:27 GMT" name="verifyUserShouldNavigateToRegisterPageSuccessfully" finished-at="2023-12-10T21:56:27 GMT" duration-ms="439" status="PASS">
          <reporter-output>
          </reporter-output>
        </test-method> <!-- verifyUserShouldNavigateToRegisterPageSuccessfully -->
        <test-method is-config="true" signature="tearDown()[pri:0, instance:com.nopcommerce.demo.testsuite.RegisterPageTest@75329a49]" started-at="2023-12-10T21:56:27 GMT" name="tearDown" finished-at="2023-12-10T21:56:27 GMT" duration-ms="73" status="PASS">
          <reporter-output>
          </reporter-output>
        </test-method> <!-- tearDown -->
        <test-method is-config="true" signature="setUp()[pri:0, instance:com.nopcommerce.demo.testsuite.RegisterPageTest@75329a49]" started-at="2023-12-10T21:56:27 GMT" name="setUp" finished-at="2023-12-10T21:56:29 GMT" duration-ms="2256" status="PASS">
          <reporter-output>
          </reporter-output>
        </test-method> <!-- setUp -->
        <test-method is-config="true" signature="inIt()[pri:0, instance:com.nopcommerce.demo.testsuite.RegisterPageTest@75329a49]" started-at="2023-12-10T21:56:29 GMT" name="inIt" finished-at="2023-12-10T21:56:29 GMT" duration-ms="6" status="PASS">
          <reporter-output>
          </reporter-output>
        </test-method> <!-- inIt -->
        <test-method signature="verifyThatFirstNameLastNameEmailPasswordAndConfirmPasswordFieldsAreMandatory()[pri:2, instance:com.nopcommerce.demo.testsuite.RegisterPageTest@75329a49]" started-at="2023-12-10T21:56:29 GMT" name="verifyThatFirstNameLastNameEmailPasswordAndConfirmPasswordFieldsAreMandatory" finished-at="2023-12-10T21:56:30 GMT" duration-ms="636" status="PASS">
          <reporter-output>
          </reporter-output>
        </test-method> <!-- verifyThatFirstNameLastNameEmailPasswordAndConfirmPasswordFieldsAreMandatory -->
        <test-method is-config="true" signature="tearDown()[pri:0, instance:com.nopcommerce.demo.testsuite.RegisterPageTest@75329a49]" started-at="2023-12-10T21:56:30 GMT" name="tearDown" finished-at="2023-12-10T21:56:30 GMT" duration-ms="88" status="PASS">
          <reporter-output>
          </reporter-output>
        </test-method> <!-- tearDown -->
        <test-method is-config="true" signature="setUp()[pri:0, instance:com.nopcommerce.demo.testsuite.RegisterPageTest@75329a49]" started-at="2023-12-10T21:56:30 GMT" name="setUp" finished-at="2023-12-10T21:56:33 GMT" duration-ms="2311" status="PASS">
          <reporter-output>
          </reporter-output>
        </test-method> <!-- setUp -->
        <test-method is-config="true" signature="inIt()[pri:0, instance:com.nopcommerce.demo.testsuite.RegisterPageTest@75329a49]" started-at="2023-12-10T21:56:33 GMT" name="inIt" finished-at="2023-12-10T21:56:33 GMT" duration-ms="1" status="PASS">
          <reporter-output>
          </reporter-output>
        </test-method> <!-- inIt -->
        <test-method signature="verifyThatUserShouldCreateAccountSuccessfully()[pri:3, instance:com.nopcommerce.demo.testsuite.RegisterPageTest@75329a49]" started-at="2023-12-10T21:56:33 GMT" name="verifyThatUserShouldCreateAccountSuccessfully" finished-at="2023-12-10T21:56:37 GMT" duration-ms="4140" status="FAIL">
          <exception class="org.openqa.selenium.NoSuchElementException">
            <message>
              <![CDATA[no such element: Unable to locate element: {"method":"css selector","selector":".result"}
  (Session info: chrome=120.0.6099.71)
For documentation on this error, please visit: https://www.selenium.dev/documentation/webdriver/troubleshooting/errors#no-such-element-exception
Build info: version: '4.15.0', revision: '1d14b5521b'
System info: os.name: 'Windows 11', os.arch: 'amd64', os.version: '10.0', java.version: '17.0.8'
Driver info: org.openqa.selenium.chrome.ChromeDriver
Command: [5076328f312b80b6ff66dad211bb55db, findElement {using=css selector, value=.result}]
Capabilities {acceptInsecureCerts: false, browserName: chrome, browserVersion: 120.0.6099.71, chrome: {chromedriverVersion: 120.0.6099.71 (9729082fe617..., userDataDir: C:\Users\shamb\AppData\Loca...}, fedcm:accounts: true, goog:chromeOptions: {debuggerAddress: localhost:59593}, networkConnectionEnabled: false, pageLoadStrategy: normal, platformName: windows, proxy: Proxy(), se:cdp: ws://localhost:59593/devtoo..., se:cdpVersion: 120.0.6099.71, setWindowRect: true, strictFileInteractability: false, timeouts: {implicit: 0, pageLoad: 300000, script: 30000}, unhandledPromptBehavior: dismiss and notify, webauthn:extension:credBlob: true, webauthn:extension:largeBlob: true, webauthn:extension:minPinLength: true, webauthn:extension:prf: true, webauthn:virtualAuthenticators: true}
Session ID: 5076328f312b80b6ff66dad211bb55db]]>
            </message>
            <full-stacktrace>
              <![CDATA[org.openqa.selenium.NoSuchElementException: no such element: Unable to locate element: {"method":"css selector","selector":".result"}
  (Session info: chrome=120.0.6099.71)
For documentation on this error, please visit: https://www.selenium.dev/documentation/webdriver/troubleshooting/errors#no-such-element-exception
Build info: version: '4.15.0', revision: '1d14b5521b'
System info: os.name: 'Windows 11', os.arch: 'amd64', os.version: '10.0', java.version: '17.0.8'
Driver info: org.openqa.selenium.chrome.ChromeDriver
Command: [5076328f312b80b6ff66dad211bb55db, findElement {using=css selector, value=.result}]
Capabilities {acceptInsecureCerts: false, browserName: chrome, browserVersion: 120.0.6099.71, chrome: {chromedriverVersion: 120.0.6099.71 (9729082fe617..., userDataDir: C:\Users\shamb\AppData\Loca...}, fedcm:accounts: true, goog:chromeOptions: {debuggerAddress: localhost:59593}, networkConnectionEnabled: false, pageLoadStrategy: normal, platformName: windows, proxy: Proxy(), se:cdp: ws://localhost:59593/devtoo..., se:cdpVersion: 120.0.6099.71, setWindowRect: true, strictFileInteractability: false, timeouts: {implicit: 0, pageLoad: 300000, script: 30000}, unhandledPromptBehavior: dismiss and notify, webauthn:extension:credBlob: true, webauthn:extension:largeBlob: true, webauthn:extension:minPinLength: true, webauthn:extension:prf: true, webauthn:virtualAuthenticators: true}
Session ID: 5076328f312b80b6ff66dad211bb55db
at java.base/jdk.internal.reflect.NativeConstructorAccessorImpl.newInstance0(Native Method)
at java.base/jdk.internal.reflect.NativeConstructorAccessorImpl.newInstance(NativeConstructorAccessorImpl.java:77)
at java.base/jdk.internal.reflect.DelegatingConstructorAccessorImpl.newInstance(DelegatingConstructorAccessorImpl.java:45)
at java.base/java.lang.reflect.Constructor.newInstanceWithCaller(Constructor.java:499)
at java.base/java.lang.reflect.Constructor.newInstance(Constructor.java:480)
at org.openqa.selenium.remote.codec.w3c.W3CHttpResponseCodec.createException(W3CHttpResponseCodec.java:200)
at org.openqa.selenium.remote.codec.w3c.W3CHttpResponseCodec.decode(W3CHttpResponseCodec.java:133)
at org.openqa.selenium.remote.codec.w3c.W3CHttpResponseCodec.decode(W3CHttpResponseCodec.java:52)
at org.openqa.selenium.remote.HttpCommandExecutor.execute(HttpCommandExecutor.java:191)
at org.openqa.selenium.remote.service.DriverCommandExecutor.invokeExecute(DriverCommandExecutor.java:200)
at org.openqa.selenium.remote.service.DriverCommandExecutor.execute(DriverCommandExecutor.java:175)
at org.openqa.selenium.remote.RemoteWebDriver.execute(RemoteWebDriver.java:607)
at org.openqa.selenium.remote.ElementLocation$ElementFinder$2.findElement(ElementLocation.java:165)
at org.openqa.selenium.remote.ElementLocation.findElement(ElementLocation.java:59)
at org.openqa.selenium.remote.RemoteWebDriver.findElement(RemoteWebDriver.java:364)
at org.openqa.selenium.remote.RemoteWebDriver.findElement(RemoteWebDriver.java:358)
at org.openqa.selenium.support.pagefactory.DefaultElementLocator.findElement(DefaultElementLocator.java:68)
at org.openqa.selenium.support.pagefactory.internal.LocatingElementHandler.invoke(LocatingElementHandler.java:38)
at jdk.proxy2/jdk.proxy2.$Proxy15.getText(Unknown Source)
at com.nopcommerce.demo.utilities.Utility.getTextFromElement(Utility.java:51)
at com.nopcommerce.demo.pages.RegisterPage.getYourRegCompletedText(RegisterPage.java:133)
at com.nopcommerce.demo.testsuite.RegisterPageTest.verifyThatUserShouldCreateAccountSuccessfully(RegisterPageTest.java:64)
at java.base/jdk.internal.reflect.NativeMethodAccessorImpl.invoke0(Native Method)
at java.base/jdk.internal.reflect.NativeMethodAccessorImpl.invoke(NativeMethodAccessorImpl.java:77)
at java.base/jdk.internal.reflect.DelegatingMethodAccessorImpl.invoke(DelegatingMethodAccessorImpl.java:43)
at java.base/java.lang.reflect.Method.invoke(Method.java:568)
at org.testng.internal.invokers.MethodInvocationHelper.invokeMethod(MethodInvocationHelper.java:139)
at org.testng.internal.invokers.TestInvoker.invokeMethod(TestInvoker.java:664)
at org.testng.internal.invokers.TestInvoker.invokeTestMethod(TestInvoker.java:227)
at org.testng.internal.invokers.MethodRunner.runInSequence(MethodRunner.java:50)
at org.testng.internal.invokers.TestInvoker$MethodInvocationAgent.invoke(TestInvoker.java:957)
at org.testng.internal.invokers.TestInvoker.invokeTestMethods(TestInvoker.java:200)
at org.testng.internal.invokers.TestMethodWorker.invokeTestMethods(TestMethodWorker.java:148)
at org.testng.internal.invokers.TestMethodWorker.run(TestMethodWorker.java:128)
at java.base/java.util.ArrayList.forEach(ArrayList.java:1511)
at org.testng.TestRunner.privateRun(TestRunner.java:848)
at org.testng.TestRunner.run(TestRunner.java:621)
at org.testng.SuiteRunner.runTest(SuiteRunner.java:443)
at org.testng.SuiteRunner.runSequentially(SuiteRunner.java:437)
at org.testng.SuiteRunner.privateRun(SuiteRunner.java:397)
at org.testng.SuiteRunner.run(SuiteRunner.java:336)
at org.testng.SuiteRunnerWorker.runSuite(SuiteRunnerWorker.java:52)
at org.testng.SuiteRunnerWorker.run(SuiteRunnerWorker.java:95)
at org.testng.TestNG.runSuitesSequentially(TestNG.java:1280)
at org.testng.TestNG.runSuitesLocally(TestNG.java:1200)
at org.testng.TestNG.runSuites(TestNG.java:1114)
at org.testng.TestNG.run(TestNG.java:1082)
at com.intellij.rt.testng.IDEARemoteTestNG.run(IDEARemoteTestNG.java:66)
at com.intellij.rt.testng.RemoteTestNGStarter.main(RemoteTestNGStarter.java:105)
]]>
            </full-stacktrace>
          </exception> <!-- org.openqa.selenium.NoSuchElementException -->
          <reporter-output>
          </reporter-output>
        </test-method> <!-- verifyThatUserShouldCreateAccountSuccessfully -->
        <test-method is-config="true" signature="tearDown()[pri:0, instance:com.nopcommerce.demo.testsuite.RegisterPageTest@75329a49]" started-at="2023-12-10T21:56:37 GMT" name="tearDown" finished-at="2023-12-10T21:56:37 GMT" duration-ms="167" status="PASS">
          <reporter-output>
          </reporter-output>
        </test-method> <!-- tearDown -->
      </class> <!-- com.nopcommerce.demo.testsuite.RegisterPageTest -->
      <class name="com.nopcommerce.demo.testsuite.ComputerPageTest">
        <test-method is-config="true" signature="setUp()[pri:0, instance:com.nopcommerce.demo.testsuite.ComputerPageTest@161479c6]" started-at="2023-12-10T21:56:37 GMT" name="setUp" finished-at="2023-12-10T21:56:39 GMT" duration-ms="1750" status="PASS">
          <reporter-output>
          </reporter-output>
        </test-method> <!-- setUp -->
        <test-method is-config="true" signature="inIt()[pri:0, instance:com.nopcommerce.demo.testsuite.ComputerPageTest@161479c6]" started-at="2023-12-10T21:56:39 GMT" name="inIt" finished-at="2023-12-10T21:56:39 GMT" duration-ms="3" status="PASS">
          <reporter-output>
          </reporter-output>
        </test-method> <!-- inIt -->
        <test-method signature="verifyUserShouldNavigateToComputerPageSuccessfully()[pri:1, instance:com.nopcommerce.demo.testsuite.ComputerPageTest@161479c6]" started-at="2023-12-10T21:56:39 GMT" name="verifyUserShouldNavigateToComputerPageSuccessfully" finished-at="2023-12-10T21:56:40 GMT" duration-ms="931" status="PASS">
          <reporter-output>
          </reporter-output>
        </test-method> <!-- verifyUserShouldNavigateToComputerPageSuccessfully -->
        <test-method is-config="true" signature="tearDown()[pri:0, instance:com.nopcommerce.demo.testsuite.ComputerPageTest@161479c6]" started-at="2023-12-10T21:56:40 GMT" name="tearDown" finished-at="2023-12-10T21:56:40 GMT" duration-ms="102" status="PASS">
          <reporter-output>
          </reporter-output>
        </test-method> <!-- tearDown -->
        <test-method is-config="true" signature="setUp()[pri:0, instance:com.nopcommerce.demo.testsuite.ComputerPageTest@161479c6]" started-at="2023-12-10T21:56:40 GMT" name="setUp" finished-at="2023-12-10T21:56:41 GMT" duration-ms="1761" status="PASS">
          <reporter-output>
          </reporter-output>
        </test-method> <!-- setUp -->
        <test-method is-config="true" signature="inIt()[pri:0, instance:com.nopcommerce.demo.testsuite.ComputerPageTest@161479c6]" started-at="2023-12-10T21:56:41 GMT" name="inIt" finished-at="2023-12-10T21:56:41 GMT" duration-ms="2" status="PASS">
          <reporter-output>
          </reporter-output>
        </test-method> <!-- inIt -->
        <test-method signature="verifyUserShouldNavigateToDesktopsPageSuccessfully()[pri:2, instance:com.nopcommerce.demo.testsuite.ComputerPageTest@161479c6]" started-at="2023-12-10T21:56:41 GMT" name="verifyUserShouldNavigateToDesktopsPageSuccessfully" finished-at="2023-12-10T21:56:42 GMT" duration-ms="791" status="PASS">
          <reporter-output>
          </reporter-output>
        </test-method> <!-- verifyUserShouldNavigateToDesktopsPageSuccessfully -->
        <test-method is-config="true" signature="tearDown()[pri:0, instance:com.nopcommerce.demo.testsuite.ComputerPageTest@161479c6]" started-at="2023-12-10T21:56:42 GMT" name="tearDown" finished-at="2023-12-10T21:56:42 GMT" duration-ms="76" status="PASS">
          <reporter-output>
          </reporter-output>
        </test-method> <!-- tearDown -->
        <test-method is-config="true" signature="setUp()[pri:0, instance:com.nopcommerce.demo.testsuite.ComputerPageTest@161479c6]" started-at="2023-12-10T21:56:42 GMT" name="setUp" finished-at="2023-12-10T21:56:45 GMT" duration-ms="2309" status="PASS">
          <reporter-output>
          </reporter-output>
        </test-method> <!-- setUp -->
        <test-method is-config="true" signature="inIt()[pri:0, instance:com.nopcommerce.demo.testsuite.ComputerPageTest@161479c6]" started-at="2023-12-10T21:56:45 GMT" name="inIt" finished-at="2023-12-10T21:56:45 GMT" duration-ms="2" status="PASS">
          <reporter-output>
          </reporter-output>
        </test-method> <!-- inIt -->
        <test-method signature="verifyThatUserShouldBuildYourOwnComputerAndAddToCartSuccessfully(java.lang.String,java.lang.String,java.lang.String,java.lang.String,java.lang.String)[pri:3, instance:com.nopcommerce.demo.testsuite.ComputerPageTest@161479c6]" started-at="2023-12-10T21:56:45 GMT" name="verifyThatUserShouldBuildYourOwnComputerAndAddToCartSuccessfully" data-provider="buildYourComputerData" finished-at="2023-12-10T21:56:50 GMT" duration-ms="5350" status="PASS">
          <params>
            <param index="0">
              <value>
                <![CDATA[2.2 GHz Intel Pentium Dual-Core E2200]]>
              </value>
            </param>
            <param index="1">
              <value>
                <![CDATA[2 GB]]>
              </value>
            </param>
            <param index="2">
              <value>
                <![CDATA[320 GB]]>
              </value>
            </param>
            <param index="3">
              <value>
                <![CDATA[Vista Home [+$50.00]]]>
              </value>
            </param>
            <param index="4">
              <value>
                <![CDATA[Microsoft Office [+$50.00]]]>
              </value>
            </param>
          </params>
          <reporter-output>
          </reporter-output>
        </test-method> <!-- verifyThatUserShouldBuildYourOwnComputerAndAddToCartSuccessfully -->
        <test-method is-config="true" signature="tearDown()[pri:0, instance:com.nopcommerce.demo.testsuite.ComputerPageTest@161479c6]" started-at="2023-12-10T21:56:50 GMT" name="tearDown" finished-at="2023-12-10T21:56:50 GMT" duration-ms="85" status="PASS">
          <reporter-output>
          </reporter-output>
        </test-method> <!-- tearDown -->
        <test-method is-config="true" signature="setUp()[pri:0, instance:com.nopcommerce.demo.testsuite.ComputerPageTest@161479c6]" started-at="2023-12-10T21:56:50 GMT" name="setUp" finished-at="2023-12-10T21:56:53 GMT" duration-ms="2689" status="PASS">
          <reporter-output>
          </reporter-output>
        </test-method> <!-- setUp -->
        <test-method is-config="true" signature="inIt()[pri:0, instance:com.nopcommerce.demo.testsuite.ComputerPageTest@161479c6]" started-at="2023-12-10T21:56:53 GMT" name="inIt" finished-at="2023-12-10T21:56:53 GMT" duration-ms="2" status="PASS">
          <reporter-output>
          </reporter-output>
        </test-method> <!-- inIt -->
        <test-method signature="verifyThatUserShouldBuildYourOwnComputerAndAddToCartSuccessfully(java.lang.String,java.lang.String,java.lang.String,java.lang.String,java.lang.String)[pri:3, instance:com.nopcommerce.demo.testsuite.ComputerPageTest@161479c6]" started-at="2023-12-10T21:56:53 GMT" name="verifyThatUserShouldBuildYourOwnComputerAndAddToCartSuccessfully" data-provider="buildYourComputerData" finished-at="2023-12-10T21:56:58 GMT" duration-ms="4816" status="PASS">
          <params>
            <param index="0">
              <value>
                <![CDATA[2.5 GHz Intel Pentium Dual-Core E2200 [+$15.00]]]>
              </value>
            </param>
            <param index="1">
              <value>
                <![CDATA[4GB [+$20.00]]]>
              </value>
            </param>
            <param index="2">
              <value>
                <![CDATA[400 GB [+$100.00]]]>
              </value>
            </param>
            <param index="3">
              <value>
                <![CDATA[Vista Premium [+$60.00]]]>
              </value>
            </param>
            <param index="4">
              <value>
                <![CDATA[Acrobat Reader [+$10.00]]]>
              </value>
            </param>
          </params>
          <reporter-output>
          </reporter-output>
        </test-method> <!-- verifyThatUserShouldBuildYourOwnComputerAndAddToCartSuccessfully -->
        <test-method is-config="true" signature="tearDown()[pri:0, instance:com.nopcommerce.demo.testsuite.ComputerPageTest@161479c6]" started-at="2023-12-10T21:56:58 GMT" name="tearDown" finished-at="2023-12-10T21:56:58 GMT" duration-ms="166" status="PASS">
          <reporter-output>
          </reporter-output>
        </test-method> <!-- tearDown -->
        <test-method is-config="true" signature="setUp()[pri:0, instance:com.nopcommerce.demo.testsuite.ComputerPageTest@161479c6]" started-at="2023-12-10T21:56:58 GMT" name="setUp" finished-at="2023-12-10T21:57:00 GMT" duration-ms="2237" status="PASS">
          <reporter-output>
          </reporter-output>
        </test-method> <!-- setUp -->
        <test-method is-config="true" signature="inIt()[pri:0, instance:com.nopcommerce.demo.testsuite.ComputerPageTest@161479c6]" started-at="2023-12-10T21:57:00 GMT" name="inIt" finished-at="2023-12-10T21:57:00 GMT" duration-ms="2" status="PASS">
          <reporter-output>
          </reporter-output>
        </test-method> <!-- inIt -->
        <test-method signature="verifyThatUserShouldBuildYourOwnComputerAndAddToCartSuccessfully(java.lang.String,java.lang.String,java.lang.String,java.lang.String,java.lang.String)[pri:3, instance:com.nopcommerce.demo.testsuite.ComputerPageTest@161479c6]" started-at="2023-12-10T21:57:00 GMT" name="verifyThatUserShouldBuildYourOwnComputerAndAddToCartSuccessfully" data-provider="buildYourComputerData" finished-at="2023-12-10T21:57:05 GMT" duration-ms="5035" status="PASS">
          <params>
            <param index="0">
              <value>
                <![CDATA[2.5 GHz Intel Pentium Dual-Core E2200 [+$15.00]]]>
              </value>
            </param>
            <param index="1">
              <value>
                <![CDATA[8GB [+$60.00]]]>
              </value>
            </param>
            <param index="2">
              <value>
                <![CDATA[320 GB]]>
              </value>
            </param>
            <param index="3">
              <value>
                <![CDATA[Vista Home [+$50.00]]]>
              </value>
            </param>
            <param index="4">
              <value>
                <![CDATA[Total Commander [+$5.00]]]>
              </value>
            </param>
          </params>
          <reporter-output>
          </reporter-output>
        </test-method> <!-- verifyThatUserShouldBuildYourOwnComputerAndAddToCartSuccessfully -->
        <test-method is-config="true" signature="tearDown()[pri:0, instance:com.nopcommerce.demo.testsuite.ComputerPageTest@161479c6]" started-at="2023-12-10T21:57:05 GMT" name="tearDown" finished-at="2023-12-10T21:57:05 GMT" duration-ms="102" status="PASS">
          <reporter-output>
          </reporter-output>
        </test-method> <!-- tearDown -->
      </class> <!-- com.nopcommerce.demo.testsuite.ComputerPageTest -->
      <class name="com.nopcommerce.demo.testsuite.LoginPageTest">
        <test-method is-config="true" signature="setUp()[pri:0, instance:com.nopcommerce.demo.testsuite.LoginPageTest@14d3bc22]" started-at="2023-12-10T21:56:02 GMT" name="setUp" finished-at="2023-12-10T21:56:05 GMT" duration-ms="3070" status="PASS">
          <reporter-output>
          </reporter-output>
        </test-method> <!-- setUp -->
        <test-method is-config="true" signature="inIt()[pri:0, instance:com.nopcommerce.demo.testsuite.LoginPageTest@14d3bc22]" started-at="2023-12-10T21:56:05 GMT" name="inIt" finished-at="2023-12-10T21:56:05 GMT" duration-ms="44" status="PASS">
          <reporter-output>
          </reporter-output>
        </test-method> <!-- inIt -->
        <test-method signature="userShouldNavigateToLoginPageSuccessFully()[pri:1, instance:com.nopcommerce.demo.testsuite.LoginPageTest@14d3bc22]" started-at="2023-12-10T21:56:05 GMT" name="userShouldNavigateToLoginPageSuccessFully" finished-at="2023-12-10T21:56:06 GMT" duration-ms="414" status="PASS">
          <reporter-output>
          </reporter-output>
        </test-method> <!-- userShouldNavigateToLoginPageSuccessFully -->
        <test-method is-config="true" signature="tearDown()[pri:0, instance:com.nopcommerce.demo.testsuite.LoginPageTest@14d3bc22]" started-at="2023-12-10T21:56:06 GMT" name="tearDown" finished-at="2023-12-10T21:56:06 GMT" duration-ms="92" status="PASS">
          <reporter-output>
          </reporter-output>
        </test-method> <!-- tearDown -->
        <test-method is-config="true" signature="setUp()[pri:0, instance:com.nopcommerce.demo.testsuite.LoginPageTest@14d3bc22]" started-at="2023-12-10T21:56:06 GMT" name="setUp" finished-at="2023-12-10T21:56:08 GMT" duration-ms="2260" status="PASS">
          <reporter-output>
          </reporter-output>
        </test-method> <!-- setUp -->
        <test-method is-config="true" signature="inIt()[pri:0, instance:com.nopcommerce.demo.testsuite.LoginPageTest@14d3bc22]" started-at="2023-12-10T21:56:08 GMT" name="inIt" finished-at="2023-12-10T21:56:08 GMT" duration-ms="2" status="PASS">
          <reporter-output>
          </reporter-output>
        </test-method> <!-- inIt -->
        <test-method signature="verifyTheErrorMessageWithInValidCredentials()[pri:2, instance:com.nopcommerce.demo.testsuite.LoginPageTest@14d3bc22]" started-at="2023-12-10T21:56:08 GMT" name="verifyTheErrorMessageWithInValidCredentials" finished-at="2023-12-10T21:56:09 GMT" duration-ms="1468" status="PASS">
          <reporter-output>
          </reporter-output>
        </test-method> <!-- verifyTheErrorMessageWithInValidCredentials -->
        <test-method is-config="true" signature="tearDown()[pri:0, instance:com.nopcommerce.demo.testsuite.LoginPageTest@14d3bc22]" started-at="2023-12-10T21:56:09 GMT" name="tearDown" finished-at="2023-12-10T21:56:10 GMT" duration-ms="102" status="PASS">
          <reporter-output>
          </reporter-output>
        </test-method> <!-- tearDown -->
        <test-method is-config="true" signature="setUp()[pri:0, instance:com.nopcommerce.demo.testsuite.LoginPageTest@14d3bc22]" started-at="2023-12-10T21:56:10 GMT" name="setUp" finished-at="2023-12-10T21:56:13 GMT" duration-ms="3606" status="PASS">
          <reporter-output>
          </reporter-output>
        </test-method> <!-- setUp -->
        <test-method is-config="true" signature="inIt()[pri:0, instance:com.nopcommerce.demo.testsuite.LoginPageTest@14d3bc22]" started-at="2023-12-10T21:56:13 GMT" name="inIt" finished-at="2023-12-10T21:56:13 GMT" duration-ms="2" status="PASS">
          <reporter-output>
          </reporter-output>
        </test-method> <!-- inIt -->
        <test-method signature="verifyThatUserShouldLogInSuccessFullyWithValidCredentials()[pri:3, instance:com.nopcommerce.demo.testsuite.LoginPageTest@14d3bc22]" started-at="2023-12-10T21:56:13 GMT" name="verifyThatUserShouldLogInSuccessFullyWithValidCredentials" finished-at="2023-12-10T21:56:18 GMT" duration-ms="4440" status="FAIL">
          <exception class="org.openqa.selenium.NoSuchElementException">
            <message>
              <![CDATA[no such element: Unable to locate element: {"method":"xpath","selector":"//a[normalize-space()='Log out']"}
  (Session info: chrome=120.0.6099.71)
For documentation on this error, please visit: https://www.selenium.dev/documentation/webdriver/troubleshooting/errors#no-such-element-exception
Build info: version: '4.15.0', revision: '1d14b5521b'
System info: os.name: 'Windows 11', os.arch: 'amd64', os.version: '10.0', java.version: '17.0.8'
Driver info: org.openqa.selenium.chrome.ChromeDriver
Command: [1d7a22e1adfe1a66693e37068a1d065a, findElement {using=xpath, value=//a[normalize-space()='Log out']}]
Capabilities {acceptInsecureCerts: false, browserName: chrome, browserVersion: 120.0.6099.71, chrome: {chromedriverVersion: 120.0.6099.71 (9729082fe617..., userDataDir: C:\Users\shamb\AppData\Loca...}, fedcm:accounts: true, goog:chromeOptions: {debuggerAddress: localhost:59503}, networkConnectionEnabled: false, pageLoadStrategy: normal, platformName: windows, proxy: Proxy(), se:cdp: ws://localhost:59503/devtoo..., se:cdpVersion: 120.0.6099.71, setWindowRect: true, strictFileInteractability: false, timeouts: {implicit: 0, pageLoad: 300000, script: 30000}, unhandledPromptBehavior: dismiss and notify, webauthn:extension:credBlob: true, webauthn:extension:largeBlob: true, webauthn:extension:minPinLength: true, webauthn:extension:prf: true, webauthn:virtualAuthenticators: true}
Session ID: 1d7a22e1adfe1a66693e37068a1d065a]]>
            </message>
            <full-stacktrace>
              <![CDATA[org.openqa.selenium.NoSuchElementException: no such element: Unable to locate element: {"method":"xpath","selector":"//a[normalize-space()='Log out']"}
  (Session info: chrome=120.0.6099.71)
For documentation on this error, please visit: https://www.selenium.dev/documentation/webdriver/troubleshooting/errors#no-such-element-exception
Build info: version: '4.15.0', revision: '1d14b5521b'
System info: os.name: 'Windows 11', os.arch: 'amd64', os.version: '10.0', java.version: '17.0.8'
Driver info: org.openqa.selenium.chrome.ChromeDriver
Command: [1d7a22e1adfe1a66693e37068a1d065a, findElement {using=xpath, value=//a[normalize-space()='Log out']}]
Capabilities {acceptInsecureCerts: false, browserName: chrome, browserVersion: 120.0.6099.71, chrome: {chromedriverVersion: 120.0.6099.71 (9729082fe617..., userDataDir: C:\Users\shamb\AppData\Loca...}, fedcm:accounts: true, goog:chromeOptions: {debuggerAddress: localhost:59503}, networkConnectionEnabled: false, pageLoadStrategy: normal, platformName: windows, proxy: Proxy(), se:cdp: ws://localhost:59503/devtoo..., se:cdpVersion: 120.0.6099.71, setWindowRect: true, strictFileInteractability: false, timeouts: {implicit: 0, pageLoad: 300000, script: 30000}, unhandledPromptBehavior: dismiss and notify, webauthn:extension:credBlob: true, webauthn:extension:largeBlob: true, webauthn:extension:minPinLength: true, webauthn:extension:prf: true, webauthn:virtualAuthenticators: true}
Session ID: 1d7a22e1adfe1a66693e37068a1d065a
at java.base/jdk.internal.reflect.NativeConstructorAccessorImpl.newInstance0(Native Method)
at java.base/jdk.internal.reflect.NativeConstructorAccessorImpl.newInstance(NativeConstructorAccessorImpl.java:77)
at java.base/jdk.internal.reflect.DelegatingConstructorAccessorImpl.newInstance(DelegatingConstructorAccessorImpl.java:45)
at java.base/java.lang.reflect.Constructor.newInstanceWithCaller(Constructor.java:499)
at java.base/java.lang.reflect.Constructor.newInstance(Constructor.java:480)
at org.openqa.selenium.remote.codec.w3c.W3CHttpResponseCodec.createException(W3CHttpResponseCodec.java:200)
at org.openqa.selenium.remote.codec.w3c.W3CHttpResponseCodec.decode(W3CHttpResponseCodec.java:133)
at org.openqa.selenium.remote.codec.w3c.W3CHttpResponseCodec.decode(W3CHttpResponseCodec.java:52)
at org.openqa.selenium.remote.HttpCommandExecutor.execute(HttpCommandExecutor.java:191)
at org.openqa.selenium.remote.service.DriverCommandExecutor.invokeExecute(DriverCommandExecutor.java:200)
at org.openqa.selenium.remote.service.DriverCommandExecutor.execute(DriverCommandExecutor.java:175)
at org.openqa.selenium.remote.RemoteWebDriver.execute(RemoteWebDriver.java:607)
at org.openqa.selenium.remote.ElementLocation$ElementFinder$2.findElement(ElementLocation.java:165)
at org.openqa.selenium.remote.ElementLocation.findElement(ElementLocation.java:59)
at org.openqa.selenium.remote.RemoteWebDriver.findElement(RemoteWebDriver.java:364)
at org.openqa.selenium.remote.RemoteWebDriver.findElement(RemoteWebDriver.java:358)
at org.openqa.selenium.support.pagefactory.DefaultElementLocator.findElement(DefaultElementLocator.java:68)
at org.openqa.selenium.support.pagefactory.internal.LocatingElementHandler.invoke(LocatingElementHandler.java:38)
at jdk.proxy2/jdk.proxy2.$Proxy15.isDisplayed(Unknown Source)
at com.nopcommerce.demo.pages.HomePage.isLogOutLinkDisplay(HomePage.java:48)
at com.nopcommerce.demo.testsuite.LoginPageTest.verifyThatUserShouldLogInSuccessFullyWithValidCredentials(LoginPageTest.java:51)
at java.base/jdk.internal.reflect.NativeMethodAccessorImpl.invoke0(Native Method)
at java.base/jdk.internal.reflect.NativeMethodAccessorImpl.invoke(NativeMethodAccessorImpl.java:77)
at java.base/jdk.internal.reflect.DelegatingMethodAccessorImpl.invoke(DelegatingMethodAccessorImpl.java:43)
at java.base/java.lang.reflect.Method.invoke(Method.java:568)
at org.testng.internal.invokers.MethodInvocationHelper.invokeMethod(MethodInvocationHelper.java:139)
at org.testng.internal.invokers.TestInvoker.invokeMethod(TestInvoker.java:664)
at org.testng.internal.invokers.TestInvoker.invokeTestMethod(TestInvoker.java:227)
at org.testng.internal.invokers.MethodRunner.runInSequence(MethodRunner.java:50)
at org.testng.internal.invokers.TestInvoker$MethodInvocationAgent.invoke(TestInvoker.java:957)
at org.testng.internal.invokers.TestInvoker.invokeTestMethods(TestInvoker.java:200)
at org.testng.internal.invokers.TestMethodWorker.invokeTestMethods(TestMethodWorker.java:148)
at org.testng.internal.invokers.TestMethodWorker.run(TestMethodWorker.java:128)
at java.base/java.util.ArrayList.forEach(ArrayList.java:1511)
at org.testng.TestRunner.privateRun(TestRunner.java:848)
at org.testng.TestRunner.run(TestRunner.java:621)
at org.testng.SuiteRunner.runTest(SuiteRunner.java:443)
at org.testng.SuiteRunner.runSequentially(SuiteRunner.java:437)
at org.testng.SuiteRunner.privateRun(SuiteRunner.java:397)
at org.testng.SuiteRunner.run(SuiteRunner.java:336)
at org.testng.SuiteRunnerWorker.runSuite(SuiteRunnerWorker.java:52)
at org.testng.SuiteRunnerWorker.run(SuiteRunnerWorker.java:95)
at org.testng.TestNG.runSuitesSequentially(TestNG.java:1280)
at org.testng.TestNG.runSuitesLocally(TestNG.java:1200)
at org.testng.TestNG.runSuites(TestNG.java:1114)
at org.testng.TestNG.run(TestNG.java:1082)
at com.intellij.rt.testng.IDEARemoteTestNG.run(IDEARemoteTestNG.java:66)
at com.intellij.rt.testng.RemoteTestNGStarter.main(RemoteTestNGStarter.java:105)
]]>
            </full-stacktrace>
          </exception> <!-- org.openqa.selenium.NoSuchElementException -->
          <reporter-output>
          </reporter-output>
        </test-method> <!-- verifyThatUserShouldLogInSuccessFullyWithValidCredentials -->
        <test-method is-config="true" signature="tearDown()[pri:0, instance:com.nopcommerce.demo.testsuite.LoginPageTest@14d3bc22]" started-at="2023-12-10T21:56:18 GMT" name="tearDown" finished-at="2023-12-10T21:56:18 GMT" duration-ms="95" status="PASS">
          <reporter-output>
          </reporter-output>
        </test-method> <!-- tearDown -->
        <test-method is-config="true" signature="setUp()[pri:0, instance:com.nopcommerce.demo.testsuite.LoginPageTest@14d3bc22]" started-at="2023-12-10T21:56:18 GMT" name="setUp" finished-at="2023-12-10T21:56:20 GMT" duration-ms="2229" status="PASS">
          <reporter-output>
          </reporter-output>
        </test-method> <!-- setUp -->
        <test-method signature="verifyThatUserShouldLogOutSuccessFully()[pri:4, instance:com.nopcommerce.demo.testsuite.LoginPageTest@14d3bc22]" started-at="2023-12-10T21:56:20 GMT" name="verifyThatUserShouldLogOutSuccessFully" finished-at="2023-12-10T21:56:24 GMT" duration-ms="4430" status="FAIL">
          <exception class="org.openqa.selenium.NoSuchElementException">
            <message>
              <![CDATA[no such element: Unable to locate element: {"method":"xpath","selector":"//a[normalize-space()='Log out']"}
  (Session info: chrome=120.0.6099.71)
For documentation on this error, please visit: https://www.selenium.dev/documentation/webdriver/troubleshooting/errors#no-such-element-exception
Build info: version: '4.15.0', revision: '1d14b5521b'
System info: os.name: 'Windows 11', os.arch: 'amd64', os.version: '10.0', java.version: '17.0.8'
Driver info: org.openqa.selenium.chrome.ChromeDriver
Command: [7d8bc8b0cd083896c65ded396f08c4ae, findElement {using=xpath, value=//a[normalize-space()='Log out']}]
Capabilities {acceptInsecureCerts: false, browserName: chrome, browserVersion: 120.0.6099.71, chrome: {chromedriverVersion: 120.0.6099.71 (9729082fe617..., userDataDir: C:\Users\shamb\AppData\Loca...}, fedcm:accounts: true, goog:chromeOptions: {debuggerAddress: localhost:59531}, networkConnectionEnabled: false, pageLoadStrategy: normal, platformName: windows, proxy: Proxy(), se:cdp: ws://localhost:59531/devtoo..., se:cdpVersion: 120.0.6099.71, setWindowRect: true, strictFileInteractability: false, timeouts: {implicit: 0, pageLoad: 300000, script: 30000}, unhandledPromptBehavior: dismiss and notify, webauthn:extension:credBlob: true, webauthn:extension:largeBlob: true, webauthn:extension:minPinLength: true, webauthn:extension:prf: true, webauthn:virtualAuthenticators: true}
Session ID: 7d8bc8b0cd083896c65ded396f08c4ae]]>
            </message>
            <full-stacktrace>
              <![CDATA[org.openqa.selenium.NoSuchElementException: no such element: Unable to locate element: {"method":"xpath","selector":"//a[normalize-space()='Log out']"}
  (Session info: chrome=120.0.6099.71)
For documentation on this error, please visit: https://www.selenium.dev/documentation/webdriver/troubleshooting/errors#no-such-element-exception
Build info: version: '4.15.0', revision: '1d14b5521b'
System info: os.name: 'Windows 11', os.arch: 'amd64', os.version: '10.0', java.version: '17.0.8'
Driver info: org.openqa.selenium.chrome.ChromeDriver
Command: [7d8bc8b0cd083896c65ded396f08c4ae, findElement {using=xpath, value=//a[normalize-space()='Log out']}]
Capabilities {acceptInsecureCerts: false, browserName: chrome, browserVersion: 120.0.6099.71, chrome: {chromedriverVersion: 120.0.6099.71 (9729082fe617..., userDataDir: C:\Users\shamb\AppData\Loca...}, fedcm:accounts: true, goog:chromeOptions: {debuggerAddress: localhost:59531}, networkConnectionEnabled: false, pageLoadStrategy: normal, platformName: windows, proxy: Proxy(), se:cdp: ws://localhost:59531/devtoo..., se:cdpVersion: 120.0.6099.71, setWindowRect: true, strictFileInteractability: false, timeouts: {implicit: 0, pageLoad: 300000, script: 30000}, unhandledPromptBehavior: dismiss and notify, webauthn:extension:credBlob: true, webauthn:extension:largeBlob: true, webauthn:extension:minPinLength: true, webauthn:extension:prf: true, webauthn:virtualAuthenticators: true}
Session ID: 7d8bc8b0cd083896c65ded396f08c4ae
at java.base/jdk.internal.reflect.NativeConstructorAccessorImpl.newInstance0(Native Method)
at java.base/jdk.internal.reflect.NativeConstructorAccessorImpl.newInstance(NativeConstructorAccessorImpl.java:77)
at java.base/jdk.internal.reflect.DelegatingConstructorAccessorImpl.newInstance(DelegatingConstructorAccessorImpl.java:45)
at java.base/java.lang.reflect.Constructor.newInstanceWithCaller(Constructor.java:499)
at java.base/java.lang.reflect.Constructor.newInstance(Constructor.java:480)
at org.openqa.selenium.remote.codec.w3c.W3CHttpResponseCodec.createException(W3CHttpResponseCodec.java:200)
at org.openqa.selenium.remote.codec.w3c.W3CHttpResponseCodec.decode(W3CHttpResponseCodec.java:133)
at org.openqa.selenium.remote.codec.w3c.W3CHttpResponseCodec.decode(W3CHttpResponseCodec.java:52)
at org.openqa.selenium.remote.HttpCommandExecutor.execute(HttpCommandExecutor.java:191)
at org.openqa.selenium.remote.service.DriverCommandExecutor.invokeExecute(DriverCommandExecutor.java:200)
at org.openqa.selenium.remote.service.DriverCommandExecutor.execute(DriverCommandExecutor.java:175)
at org.openqa.selenium.remote.RemoteWebDriver.execute(RemoteWebDriver.java:607)
at org.openqa.selenium.remote.ElementLocation$ElementFinder$2.findElement(ElementLocation.java:165)
at org.openqa.selenium.remote.ElementLocation.findElement(ElementLocation.java:59)
at org.openqa.selenium.remote.RemoteWebDriver.findElement(RemoteWebDriver.java:364)
at org.openqa.selenium.remote.RemoteWebDriver.findElement(RemoteWebDriver.java:358)
at org.openqa.selenium.support.pagefactory.DefaultElementLocator.findElement(DefaultElementLocator.java:68)
at org.openqa.selenium.support.pagefactory.internal.LocatingElementHandler.invoke(LocatingElementHandler.java:38)
at jdk.proxy2/jdk.proxy2.$Proxy15.click(Unknown Source)
at com.nopcommerce.demo.utilities.Utility.clickOnElement(Utility.java:43)
at com.nopcommerce.demo.pages.HomePage.clickOnLogOutLink(HomePage.java:53)
at com.nopcommerce.demo.testsuite.LoginPageTest.verifyThatUserShouldLogOutSuccessFully(LoginPageTest.java:62)
at java.base/jdk.internal.reflect.NativeMethodAccessorImpl.invoke0(Native Method)
at java.base/jdk.internal.reflect.NativeMethodAccessorImpl.invoke(NativeMethodAccessorImpl.java:77)
at java.base/jdk.internal.reflect.DelegatingMethodAccessorImpl.invoke(DelegatingMethodAccessorImpl.java:43)
at java.base/java.lang.reflect.Method.invoke(Method.java:568)
at org.testng.internal.invokers.MethodInvocationHelper.invokeMethod(MethodInvocationHelper.java:139)
at org.testng.internal.invokers.TestInvoker.invokeMethod(TestInvoker.java:664)
at org.testng.internal.invokers.TestInvoker.invokeTestMethod(TestInvoker.java:227)
at org.testng.internal.invokers.MethodRunner.runInSequence(MethodRunner.java:50)
at org.testng.internal.invokers.TestInvoker$MethodInvocationAgent.invoke(TestInvoker.java:957)
at org.testng.internal.invokers.TestInvoker.invokeTestMethods(TestInvoker.java:200)
at org.testng.internal.invokers.TestMethodWorker.invokeTestMethods(TestMethodWorker.java:148)
at org.testng.internal.invokers.TestMethodWorker.run(TestMethodWorker.java:128)
at java.base/java.util.ArrayList.forEach(ArrayList.java:1511)
at org.testng.TestRunner.privateRun(TestRunner.java:848)
at org.testng.TestRunner.run(TestRunner.java:621)
at org.testng.SuiteRunner.runTest(SuiteRunner.java:443)
at org.testng.SuiteRunner.runSequentially(SuiteRunner.java:437)
at org.testng.SuiteRunner.privateRun(SuiteRunner.java:397)
at org.testng.SuiteRunner.run(SuiteRunner.java:336)
at org.testng.SuiteRunnerWorker.runSuite(SuiteRunnerWorker.java:52)
at org.testng.SuiteRunnerWorker.run(SuiteRunnerWorker.java:95)
at org.testng.TestNG.runSuitesSequentially(TestNG.java:1280)
at org.testng.TestNG.runSuitesLocally(TestNG.java:1200)
at org.testng.TestNG.runSuites(TestNG.java:1114)
at org.testng.TestNG.run(TestNG.java:1082)
at com.intellij.rt.testng.IDEARemoteTestNG.run(IDEARemoteTestNG.java:66)
at com.intellij.rt.testng.RemoteTestNGStarter.main(RemoteTestNGStarter.java:105)
]]>
            </full-stacktrace>
          </exception> <!-- org.openqa.selenium.NoSuchElementException -->
          <reporter-output>
          </reporter-output>
        </test-method> <!-- verifyThatUserShouldLogOutSuccessFully -->
        <test-method is-config="true" signature="inIt()[pri:0, instance:com.nopcommerce.demo.testsuite.LoginPageTest@14d3bc22]" started-at="2023-12-10T21:56:20 GMT" name="inIt" finished-at="2023-12-10T21:56:20 GMT" duration-ms="0" status="PASS">
          <reporter-output>
          </reporter-output>
        </test-method> <!-- inIt -->
        <test-method is-config="true" signature="tearDown()[pri:0, instance:com.nopcommerce.demo.testsuite.LoginPageTest@14d3bc22]" started-at="2023-12-10T21:56:24 GMT" name="tearDown" finished-at="2023-12-10T21:56:24 GMT" duration-ms="78" status="PASS">
          <reporter-output>
          </reporter-output>
        </test-method> <!-- tearDown -->
      </class> <!-- com.nopcommerce.demo.testsuite.LoginPageTest -->
    </test> <!-- All Test -->
  </suite> <!-- testsuite -->
</testng-results>
